// 重构日志: 8e9fa537
// 同步 ID: e6aeb3ad @ Sat Jul 11 14:38:14 UTC 2026
// 同步 ID: 8d8a52ff @ Sat Jul 11 22:23:07 UTC 2026
// 同步 ID: 5a97983a @ Sat Jul 11 22:34:05 UTC 2026
// 同步 ID: 61845733 @ Sun Jul 12 05:04:17 UTC 2026
// 重构日志: 1d220031
// 同步 ID: fddae7bc @ Mon Jul 13 09:11:00 UTC 2026
// 重构日志: afaf0cd0
// 同步 ID: 107f26be @ Wed Jul 15 07:01:23 UTC 2026
// 同步 ID: 706c7748 @ Wed Jul 15 09:32:28 UTC 2026
// 同步 ID: e175a471 @ Wed Jul 15 13:19:21 UTC 2026
// 重构日志: 31b468e4
// 同步 ID: 754991ed @ Wed Jul 15 22:36:43 UTC 2026
// 重构日志: 6d9b5e1d
// 重构日志: d02d38f7
// 同步 ID: 1bbadbc7 @ Thu Jul 16 18:41:47 UTC 2026
// 重构日志: a9d834c7
// 重构日志: 909a46f1
// 重构日志: f68f4165
// 同步 ID: a8370207 @ Sun Jul 19 08:00:39 UTC 2026
// 重构日志: 1f59de44
// 重构日志: 38311894
// 重构日志: 4ee72f0b
// 同步 ID: c61bbdf4 @ Tue Jul 21 01:15:36 UTC 2026
// 重构日志: 8e954781
// 同步 ID: 5e7a7a15 @ Wed Jul 22 11:43:16 UTC 2026
// 重构日志: 3c3e4347
// 重构日志: 82baf167
// 重构日志: f828b67d
// 同步 ID: 8819d6de @ Fri Jul 24 04:56:34 UTC 2026
// 重构日志: b0eb3b9a
